<?xml version="1.0" encoding="UTF-8"?>
<testsuite xmlns:xsi="http://www.w3.org/2001/XMLSchema-instance" xsi:noNamespaceSchemaLocation="https://maven.apache.org/surefire/maven-surefire-plugin/xsd/surefire-test-report.xsd" name="org.apache.commons.lang3.math.NumberUtilsTest" time="0.275" tests="102" errors="0" skipped="0" failures="0">
  <properties>
    <property name="sun.desktop" value="gnome"/>
    <property name="awt.toolkit" value="sun.awt.X11.XToolkit"/>
    <property name="file.encoding.pkg" value="sun.io"/>
    <property name="java.specification.version" value="1.8"/>
    <property name="sun.cpu.isalist" value=""/>
    <property name="sun.jnu.encoding" value="UTF-8"/>
    <property name="java.class.path" value="/home/bobbyrbruce/Documents/software_projects/call-graph-analysis/reachability-analysis/src/test/resources/apache_commons-lang/target/test-classes:/home/bobbyrbruce/Documents/software_projects/call-graph-analysis/reachability-analysis/src/test/resources/apache_commons-lang/target/classes:/home/bobbyrbruce/.m2/repository/junit/junit/4.12/junit-4.12.jar:/home/bobbyrbruce/.m2/repository/org/hamcrest/hamcrest-core/1.3/hamcrest-core-1.3.jar:/home/bobbyrbruce/.m2/repository/org/hamcrest/hamcrest-all/1.3/hamcrest-all-1.3.jar:/home/bobbyrbruce/.m2/repository/org/easymock/easymock/3.5.1/easymock-3.5.1.jar:/home/bobbyrbruce/.m2/repository/org/objenesis/objenesis/2.6/objenesis-2.6.jar:/home/bobbyrbruce/.m2/repository/org/openjdk/jmh/jmh-core/1.19/jmh-core-1.19.jar:/home/bobbyrbruce/.m2/repository/net/sf/jopt-simple/jopt-simple/4.6/jopt-simple-4.6.jar:/home/bobbyrbruce/.m2/repository/org/apache/commons/commons-math3/3.2/commons-math3-3.2.jar:/home/bobbyrbruce/.m2/repository/org/openjdk/jmh/jmh-generator-annprocess/1.19/jmh-generator-annprocess-1.19.jar:"/>
    <property name="java.vm.vendor" value="Oracle Corporation"/>
    <property name="sun.arch.data.model" value="64"/>
    <property name="java.vendor.url" value="http://java.oracle.com/"/>
    <property name="user.timezone" value=""/>
    <property name="java.vm.specification.version" value="1.8"/>
    <property name="os.name" value="Linux"/>
    <property name="user.country" value="US"/>
    <property name="sun.java.launcher" value="SUN_STANDARD"/>
    <property name="sun.boot.library.path" value="/usr/lib/jvm/java-8-oracle/jre/lib/amd64"/>
    <property name="sun.java.command" value="/home/bobbyrbruce/Documents/software_projects/call-graph-analysis/reachability-analysis/src/test/resources/apache_commons-lang/target/surefire/surefirebooter1001900143304547448.jar /home/bobbyrbruce/Documents/software_projects/call-graph-analysis/reachability-analysis/src/test/resources/apache_commons-lang/target/surefire 2019-02-08T12-30-49_581-jvmRun1 surefire7156073608631435803tmp surefire_03651646431880181722tmp"/>
    <property name="surefire.test.class.path" value="/home/bobbyrbruce/Documents/software_projects/call-graph-analysis/reachability-analysis/src/test/resources/apache_commons-lang/target/test-classes:/home/bobbyrbruce/Documents/software_projects/call-graph-analysis/reachability-analysis/src/test/resources/apache_commons-lang/target/classes:/home/bobbyrbruce/.m2/repository/junit/junit/4.12/junit-4.12.jar:/home/bobbyrbruce/.m2/repository/org/hamcrest/hamcrest-core/1.3/hamcrest-core-1.3.jar:/home/bobbyrbruce/.m2/repository/org/hamcrest/hamcrest-all/1.3/hamcrest-all-1.3.jar:/home/bobbyrbruce/.m2/repository/org/easymock/easymock/3.5.1/easymock-3.5.1.jar:/home/bobbyrbruce/.m2/repository/org/objenesis/objenesis/2.6/objenesis-2.6.jar:/home/bobbyrbruce/.m2/repository/org/openjdk/jmh/jmh-core/1.19/jmh-core-1.19.jar:/home/bobbyrbruce/.m2/repository/net/sf/jopt-simple/jopt-simple/4.6/jopt-simple-4.6.jar:/home/bobbyrbruce/.m2/repository/org/apache/commons/commons-math3/3.2/commons-math3-3.2.jar:/home/bobbyrbruce/.m2/repository/org/openjdk/jmh/jmh-generator-annprocess/1.19/jmh-generator-annprocess-1.19.jar:"/>
    <property name="sun.cpu.endian" value="little"/>
    <property name="user.home" value="/home/bobbyrbruce"/>
    <property name="user.language" value="en"/>
    <property name="java.specification.vendor" value="Oracle Corporation"/>
    <property name="java.home" value="/usr/lib/jvm/java-8-oracle/jre"/>
    <property name="basedir" value="/home/bobbyrbruce/Documents/software_projects/call-graph-analysis/reachability-analysis/src/test/resources/apache_commons-lang"/>
    <property name="file.separator" value="/"/>
    <property name="line.separator" value="&#10;"/>
    <property name="java.vm.specification.vendor" value="Oracle Corporation"/>
    <property name="java.specification.name" value="Java Platform API Specification"/>
    <property name="java.awt.graphicsenv" value="sun.awt.X11GraphicsEnvironment"/>
    <property name="surefire.real.class.path" value="/home/bobbyrbruce/Documents/software_projects/call-graph-analysis/reachability-analysis/src/test/resources/apache_commons-lang/target/surefire/surefirebooter1001900143304547448.jar:/home/bobbyrbruce/Documents/software_projects/call-graph-analysis/reachability-analysis/src/test/resources/tamiflex/poa-2.0.3.jar"/>
    <property name="sun.boot.class.path" value="/usr/lib/jvm/java-8-oracle/jre/lib/resources.jar:/usr/lib/jvm/java-8-oracle/jre/lib/rt.jar:/usr/lib/jvm/java-8-oracle/jre/lib/sunrsasign.jar:/usr/lib/jvm/java-8-oracle/jre/lib/jsse.jar:/usr/lib/jvm/java-8-oracle/jre/lib/jce.jar:/usr/lib/jvm/java-8-oracle/jre/lib/charsets.jar:/usr/lib/jvm/java-8-oracle/jre/lib/jfr.jar:/usr/lib/jvm/java-8-oracle/jre/classes"/>
    <property name="sun.management.compiler" value="HotSpot 64-Bit Tiered Compilers"/>
    <property name="java.runtime.version" value="1.8.0_201-b09"/>
    <property name="user.name" value="bobbyrbruce"/>
    <property name="path.separator" value=":"/>
    <property name="os.version" value="4.15.0-43-generic"/>
    <property name="java.endorsed.dirs" value="/usr/lib/jvm/java-8-oracle/jre/lib/endorsed"/>
    <property name="java.runtime.name" value="Java(TM) SE Runtime Environment"/>
    <property name="file.encoding" value="UTF-8"/>
    <property name="java.vm.name" value="Java HotSpot(TM) 64-Bit Server VM"/>
    <property name="localRepository" value="/home/bobbyrbruce/.m2/repository"/>
    <property name="java.vendor.url.bug" value="http://bugreport.sun.com/bugreport/"/>
    <property name="java.io.tmpdir" value="/tmp"/>
    <property name="java.version" value="1.8.0_201"/>
    <property name="user.dir" value="/home/bobbyrbruce/Documents/software_projects/call-graph-analysis/reachability-analysis/src/test/resources/apache_commons-lang"/>
    <property name="os.arch" value="amd64"/>
    <property name="java.vm.specification.name" value="Java Virtual Machine Specification"/>
    <property name="java.awt.printerjob" value="sun.print.PSPrinterJob"/>
    <property name="sun.os.patch.level" value="unknown"/>
    <property name="java.library.path" value="/usr/java/packages/lib/amd64:/usr/lib64:/lib64:/lib:/usr/lib"/>
    <property name="java.vm.info" value="mixed mode"/>
    <property name="java.vendor" value="Oracle Corporation"/>
    <property name="java.vm.version" value="25.201-b09"/>
    <property name="java.ext.dirs" value="/usr/lib/jvm/java-8-oracle/jre/lib/ext:/usr/java/packages/lib/ext"/>
    <property name="sun.io.unicode.encoding" value="UnicodeLittle"/>
    <property name="java.class.version" value="52.0"/>
  </properties>
  <testcase name="testMaximumDouble" classname="org.apache.commons.lang3.math.NumberUtilsTest" time="0"/>
  <testcase name="testToFloatStringF" classname="org.apache.commons.lang3.math.NumberUtilsTest" time="0"/>
  <testcase name="testMinDouble_emptyArray" classname="org.apache.commons.lang3.math.NumberUtilsTest" time="0"/>
  <testcase name="testMinimumFloat" classname="org.apache.commons.lang3.math.NumberUtilsTest" time="0.001"/>
  <testcase name="testMinimumShort" classname="org.apache.commons.lang3.math.NumberUtilsTest" time="0"/>
  <testcase name="testMinLong_nullArray" classname="org.apache.commons.lang3.math.NumberUtilsTest" time="0"/>
  <testcase name="testCreateNumber" classname="org.apache.commons.lang3.math.NumberUtilsTest" time="0.002"/>
  <testcase name="testToLongString" classname="org.apache.commons.lang3.math.NumberUtilsTest" time="0"/>
  <testcase name="testMaxByte_emptyArray" classname="org.apache.commons.lang3.math.NumberUtilsTest" time="0.001"/>
  <testcase name="testToIntStringI" classname="org.apache.commons.lang3.math.NumberUtilsTest" time="0"/>
  <testcase name="testLANG971" classname="org.apache.commons.lang3.math.NumberUtilsTest" time="0"/>
  <testcase name="testLANG972" classname="org.apache.commons.lang3.math.NumberUtilsTest" time="0"/>
  <testcase name="testLANG992" classname="org.apache.commons.lang3.math.NumberUtilsTest" time="0"/>
  <testcase name="testMaxShort_nullArray" classname="org.apache.commons.lang3.math.NumberUtilsTest" time="0"/>
  <testcase name="testToIntString" classname="org.apache.commons.lang3.math.NumberUtilsTest" time="0"/>
  <testcase name="testMinShort_emptyArray" classname="org.apache.commons.lang3.math.NumberUtilsTest" time="0"/>
  <testcase name="testCreateFloat" classname="org.apache.commons.lang3.math.NumberUtilsTest" time="0"/>
  <testcase name="testMaxShort_emptyArray" classname="org.apache.commons.lang3.math.NumberUtilsTest" time="0"/>
  <testcase name="testMinimumInt" classname="org.apache.commons.lang3.math.NumberUtilsTest" time="0"/>
  <testcase name="testMinDouble_nullArray" classname="org.apache.commons.lang3.math.NumberUtilsTest" time="0"/>
  <testcase name="testMaxDouble_nullArray" classname="org.apache.commons.lang3.math.NumberUtilsTest" time="0"/>
  <testcase name="testMaxDouble_emptyArray" classname="org.apache.commons.lang3.math.NumberUtilsTest" time="0"/>
  <testcase name="testMaxInt_emptyArray" classname="org.apache.commons.lang3.math.NumberUtilsTest" time="0"/>
  <testcase name="testMaxLong_emptyArray" classname="org.apache.commons.lang3.math.NumberUtilsTest" time="0"/>
  <testcase name="testLang1087" classname="org.apache.commons.lang3.math.NumberUtilsTest" time="0"/>
  <testcase name="compareInt" classname="org.apache.commons.lang3.math.NumberUtilsTest" time="0"/>
  <testcase name="testToByteStringI" classname="org.apache.commons.lang3.math.NumberUtilsTest" time="0"/>
  <testcase name="testToFloatString" classname="org.apache.commons.lang3.math.NumberUtilsTest" time="0.001"/>
  <testcase name="testMinFloat_emptyArray" classname="org.apache.commons.lang3.math.NumberUtilsTest" time="0"/>
  <testcase name="testMinFloat" classname="org.apache.commons.lang3.math.NumberUtilsTest" time="0"/>
  <testcase name="testMaxFloat_emptyArray" classname="org.apache.commons.lang3.math.NumberUtilsTest" time="0"/>
  <testcase name="testMinShort" classname="org.apache.commons.lang3.math.NumberUtilsTest" time="0"/>
  <testcase name="testCreateNumberMagnitude" classname="org.apache.commons.lang3.math.NumberUtilsTest" time="0.001"/>
  <testcase name="testMinFloat_nullArray" classname="org.apache.commons.lang3.math.NumberUtilsTest" time="0"/>
  <testcase name="testToByteString" classname="org.apache.commons.lang3.math.NumberUtilsTest" time="0"/>
  <testcase name="testLang300" classname="org.apache.commons.lang3.math.NumberUtilsTest" time="0"/>
  <testcase name="testLang381" classname="org.apache.commons.lang3.math.NumberUtilsTest" time="0"/>
  <testcase name="compareByte" classname="org.apache.commons.lang3.math.NumberUtilsTest" time="0"/>
  <testcase name="compareLong" classname="org.apache.commons.lang3.math.NumberUtilsTest" time="0"/>
  <testcase name="testMaxDouble" classname="org.apache.commons.lang3.math.NumberUtilsTest" time="0"/>
  <testcase name="testIsParsable" classname="org.apache.commons.lang3.math.NumberUtilsTest" time="0"/>
  <testcase name="testMinimumDouble" classname="org.apache.commons.lang3.math.NumberUtilsTest" time="0"/>
  <testcase name="testIsNumberLANG1252" classname="org.apache.commons.lang3.math.NumberUtilsTest" time="0"/>
  <testcase name="testIsNumberLANG1385" classname="org.apache.commons.lang3.math.NumberUtilsTest" time="0"/>
  <testcase name="testLANG1252" classname="org.apache.commons.lang3.math.NumberUtilsTest" time="0"/>
  <testcase name="testMaxLong_nullArray" classname="org.apache.commons.lang3.math.NumberUtilsTest" time="0"/>
  <testcase name="testIsDigits" classname="org.apache.commons.lang3.math.NumberUtilsTest" time="0"/>
  <testcase name="compareShort" classname="org.apache.commons.lang3.math.NumberUtilsTest" time="0"/>
  <testcase name="testMinByte_nullArray" classname="org.apache.commons.lang3.math.NumberUtilsTest" time="0"/>
  <testcase name="testCreateBigDecimal" classname="org.apache.commons.lang3.math.NumberUtilsTest" time="0"/>
  <testcase name="testConstants" classname="org.apache.commons.lang3.math.NumberUtilsTest" time="0"/>
  <testcase name="testCompareDouble" classname="org.apache.commons.lang3.math.NumberUtilsTest" time="0"/>
  <testcase name="testMinimumByte" classname="org.apache.commons.lang3.math.NumberUtilsTest" time="0"/>
  <testcase name="testMinimumLong" classname="org.apache.commons.lang3.math.NumberUtilsTest" time="0"/>
  <testcase name="testIsNumber" classname="org.apache.commons.lang3.math.NumberUtilsTest" time="0"/>
  <testcase name="testMinDouble" classname="org.apache.commons.lang3.math.NumberUtilsTest" time="0"/>
  <testcase name="testMaxByte" classname="org.apache.commons.lang3.math.NumberUtilsTest" time="0"/>
  <testcase name="testMaxLong" classname="org.apache.commons.lang3.math.NumberUtilsTest" time="0"/>
  <testcase name="testMaxFloat_nullArray" classname="org.apache.commons.lang3.math.NumberUtilsTest" time="0"/>
  <testcase name="testCreateBigInteger" classname="org.apache.commons.lang3.math.NumberUtilsTest" time="0"/>
  <testcase name="testCreateLong" classname="org.apache.commons.lang3.math.NumberUtilsTest" time="0"/>
  <testcase name="testMinByte" classname="org.apache.commons.lang3.math.NumberUtilsTest" time="0"/>
  <testcase name="testMinLong" classname="org.apache.commons.lang3.math.NumberUtilsTest" time="0"/>
  <testcase name="testMaximumInt" classname="org.apache.commons.lang3.math.NumberUtilsTest" time="0"/>
  <testcase name="testCreateNumberFailure_1" classname="org.apache.commons.lang3.math.NumberUtilsTest" time="0"/>
  <testcase name="testCreateNumberFailure_2" classname="org.apache.commons.lang3.math.NumberUtilsTest" time="0"/>
  <testcase name="testCreateNumberFailure_3" classname="org.apache.commons.lang3.math.NumberUtilsTest" time="0"/>
  <testcase name="testCreateNumberFailure_4" classname="org.apache.commons.lang3.math.NumberUtilsTest" time="0"/>
  <testcase name="testCreateNumberFailure_5" classname="org.apache.commons.lang3.math.NumberUtilsTest" time="0"/>
  <testcase name="testCreateNumberFailure_6" classname="org.apache.commons.lang3.math.NumberUtilsTest" time="0"/>
  <testcase name="testCreateNumberFailure_7" classname="org.apache.commons.lang3.math.NumberUtilsTest" time="0"/>
  <testcase name="testCreateNumberFailure_8" classname="org.apache.commons.lang3.math.NumberUtilsTest" time="0"/>
  <testcase name="testMaximumByte" classname="org.apache.commons.lang3.math.NumberUtilsTest" time="0"/>
  <testcase name="testMaximumLong" classname="org.apache.commons.lang3.math.NumberUtilsTest" time="0"/>
  <testcase name="testMaxFloat" classname="org.apache.commons.lang3.math.NumberUtilsTest" time="0"/>
  <testcase name="testMaxShort" classname="org.apache.commons.lang3.math.NumberUtilsTest" time="0"/>
  <testcase name="testIsCreatable" classname="org.apache.commons.lang3.math.NumberUtilsTest" time="0"/>
  <testcase name="testCompareFloat" classname="org.apache.commons.lang3.math.NumberUtilsTest" time="0"/>
  <testcase name="TestLang747" classname="org.apache.commons.lang3.math.NumberUtilsTest" time="0"/>
  <testcase name="testIsNumberLANG971" classname="org.apache.commons.lang3.math.NumberUtilsTest" time="0"/>
  <testcase name="testIsNumberLANG972" classname="org.apache.commons.lang3.math.NumberUtilsTest" time="0"/>
  <testcase name="testIsNumberLANG992" classname="org.apache.commons.lang3.math.NumberUtilsTest" time="0"/>
  <testcase name="testMinInt_emptyArray" classname="org.apache.commons.lang3.math.NumberUtilsTest" time="0"/>
  <testcase name="testMinByte_emptyArray" classname="org.apache.commons.lang3.math.NumberUtilsTest" time="0"/>
  <testcase name="testMaxInt" classname="org.apache.commons.lang3.math.NumberUtilsTest" time="0"/>
  <testcase name="testMinInt" classname="org.apache.commons.lang3.math.NumberUtilsTest" time="0"/>
  <testcase name="testMinInt_nullArray" classname="org.apache.commons.lang3.math.NumberUtilsTest" time="0"/>
  <testcase name="testMinShort_nullArray" classname="org.apache.commons.lang3.math.NumberUtilsTest" time="0"/>
  <testcase name="testMaxInt_nullArray" classname="org.apache.commons.lang3.math.NumberUtilsTest" time="0"/>
  <testcase name="testStringToDoubleString" classname="org.apache.commons.lang3.math.NumberUtilsTest" time="0"/>
  <testcase name="testMaximumFloat" classname="org.apache.commons.lang3.math.NumberUtilsTest" time="0"/>
  <testcase name="testMaximumShort" classname="org.apache.commons.lang3.math.NumberUtilsTest" time="0"/>
  <testcase name="testToShortStringI" classname="org.apache.commons.lang3.math.NumberUtilsTest" time="0"/>
  <testcase name="testCreateInteger" classname="org.apache.commons.lang3.math.NumberUtilsTest" time="0"/>
  <testcase name="testToLongStringL" classname="org.apache.commons.lang3.math.NumberUtilsTest" time="0"/>
  <testcase name="testStringToDoubleStringD" classname="org.apache.commons.lang3.math.NumberUtilsTest" time="0"/>
  <testcase name="testToShortString" classname="org.apache.commons.lang3.math.NumberUtilsTest" time="0"/>
  <testcase name="testConstructor" classname="org.apache.commons.lang3.math.NumberUtilsTest" time="0"/>
  <testcase name="testStringCreateNumberEnsureNoPrecisionLoss" classname="org.apache.commons.lang3.math.NumberUtilsTest" time="0.001"/>
  <testcase name="testMaxByte_nullArray" classname="org.apache.commons.lang3.math.NumberUtilsTest" time="0"/>
  <testcase name="testCreateDouble" classname="org.apache.commons.lang3.math.NumberUtilsTest" time="0.001"/>
  <testcase name="testMinLong_emptyArray" classname="org.apache.commons.lang3.math.NumberUtilsTest" time="0"/>
</testsuite>