<?xml version="1.0" encoding="UTF-8"?>
<testsuite xmlns:xsi="http://www.w3.org/2001/XMLSchema-instance" xsi:noNamespaceSchemaLocation="https://maven.apache.org/surefire/maven-surefire-plugin/xsd/surefire-test-report.xsd" name="org.apache.commons.lang3.text.StrTokenizerTest" time="0.1" tests="55" errors="0" skipped="0" failures="0">
  <properties>
    <property name="sun.desktop" value="gnome"/>
    <property name="awt.toolkit" value="sun.awt.X11.XToolkit"/>
    <property name="file.encoding.pkg" value="sun.io"/>
    <property name="java.specification.version" value="1.8"/>
    <property name="sun.cpu.isalist" value=""/>
    <property name="sun.jnu.encoding" value="UTF-8"/>
    <property name="java.class.path" value="/home/bobbyrbruce/Documents/software_projects/call-graph-analysis/reachability-analysis/src/test/resources/apache_commons-lang/target/test-classes:/home/bobbyrbruce/Documents/software_projects/call-graph-analysis/reachability-analysis/src/test/resources/apache_commons-lang/target/classes:/home/bobbyrbruce/.m2/repository/junit/junit/4.12/junit-4.12.jar:/home/bobbyrbruce/.m2/repository/org/hamcrest/hamcrest-core/1.3/hamcrest-core-1.3.jar:/home/bobbyrbruce/.m2/repository/org/hamcrest/hamcrest-all/1.3/hamcrest-all-1.3.jar:/home/bobbyrbruce/.m2/repository/org/easymock/easymock/3.5.1/easymock-3.5.1.jar:/home/bobbyrbruce/.m2/repository/org/objenesis/objenesis/2.6/objenesis-2.6.jar:/home/bobbyrbruce/.m2/repository/org/openjdk/jmh/jmh-core/1.19/jmh-core-1.19.jar:/home/bobbyrbruce/.m2/repository/net/sf/jopt-simple/jopt-simple/4.6/jopt-simple-4.6.jar:/home/bobbyrbruce/.m2/repository/org/apache/commons/commons-math3/3.2/commons-math3-3.2.jar:/home/bobbyrbruce/.m2/repository/org/openjdk/jmh/jmh-generator-annprocess/1.19/jmh-generator-annprocess-1.19.jar:"/>
    <property name="java.vm.vendor" value="Oracle Corporation"/>
    <property name="sun.arch.data.model" value="64"/>
    <property name="java.vendor.url" value="http://java.oracle.com/"/>
    <property name="user.timezone" value=""/>
    <property name="java.vm.specification.version" value="1.8"/>
    <property name="os.name" value="Linux"/>
    <property name="user.country" value="US"/>
    <property name="sun.java.launcher" value="SUN_STANDARD"/>
    <property name="sun.boot.library.path" value="/usr/lib/jvm/java-8-oracle/jre/lib/amd64"/>
    <property name="sun.java.command" value="/home/bobbyrbruce/Documents/software_projects/call-graph-analysis/reachability-analysis/src/test/resources/apache_commons-lang/target/surefire/surefirebooter1001900143304547448.jar /home/bobbyrbruce/Documents/software_projects/call-graph-analysis/reachability-analysis/src/test/resources/apache_commons-lang/target/surefire 2019-02-08T12-30-49_581-jvmRun1 surefire7156073608631435803tmp surefire_03651646431880181722tmp"/>
    <property name="surefire.test.class.path" value="/home/bobbyrbruce/Documents/software_projects/call-graph-analysis/reachability-analysis/src/test/resources/apache_commons-lang/target/test-classes:/home/bobbyrbruce/Documents/software_projects/call-graph-analysis/reachability-analysis/src/test/resources/apache_commons-lang/target/classes:/home/bobbyrbruce/.m2/repository/junit/junit/4.12/junit-4.12.jar:/home/bobbyrbruce/.m2/repository/org/hamcrest/hamcrest-core/1.3/hamcrest-core-1.3.jar:/home/bobbyrbruce/.m2/repository/org/hamcrest/hamcrest-all/1.3/hamcrest-all-1.3.jar:/home/bobbyrbruce/.m2/repository/org/easymock/easymock/3.5.1/easymock-3.5.1.jar:/home/bobbyrbruce/.m2/repository/org/objenesis/objenesis/2.6/objenesis-2.6.jar:/home/bobbyrbruce/.m2/repository/org/openjdk/jmh/jmh-core/1.19/jmh-core-1.19.jar:/home/bobbyrbruce/.m2/repository/net/sf/jopt-simple/jopt-simple/4.6/jopt-simple-4.6.jar:/home/bobbyrbruce/.m2/repository/org/apache/commons/commons-math3/3.2/commons-math3-3.2.jar:/home/bobbyrbruce/.m2/repository/org/openjdk/jmh/jmh-generator-annprocess/1.19/jmh-generator-annprocess-1.19.jar:"/>
    <property name="sun.cpu.endian" value="little"/>
    <property name="user.home" value="/home/bobbyrbruce"/>
    <property name="user.language" value="en"/>
    <property name="java.specification.vendor" value="Oracle Corporation"/>
    <property name="java.home" value="/usr/lib/jvm/java-8-oracle/jre"/>
    <property name="basedir" value="/home/bobbyrbruce/Documents/software_projects/call-graph-analysis/reachability-analysis/src/test/resources/apache_commons-lang"/>
    <property name="file.separator" value="/"/>
    <property name="line.separator" value="&#10;"/>
    <property name="java.vm.specification.vendor" value="Oracle Corporation"/>
    <property name="java.specification.name" value="Java Platform API Specification"/>
    <property name="java.awt.graphicsenv" value="sun.awt.X11GraphicsEnvironment"/>
    <property name="surefire.real.class.path" value="/home/bobbyrbruce/Documents/software_projects/call-graph-analysis/reachability-analysis/src/test/resources/apache_commons-lang/target/surefire/surefirebooter1001900143304547448.jar:/home/bobbyrbruce/Documents/software_projects/call-graph-analysis/reachability-analysis/src/test/resources/tamiflex/poa-2.0.3.jar"/>
    <property name="sun.boot.class.path" value="/usr/lib/jvm/java-8-oracle/jre/lib/resources.jar:/usr/lib/jvm/java-8-oracle/jre/lib/rt.jar:/usr/lib/jvm/java-8-oracle/jre/lib/sunrsasign.jar:/usr/lib/jvm/java-8-oracle/jre/lib/jsse.jar:/usr/lib/jvm/java-8-oracle/jre/lib/jce.jar:/usr/lib/jvm/java-8-oracle/jre/lib/charsets.jar:/usr/lib/jvm/java-8-oracle/jre/lib/jfr.jar:/usr/lib/jvm/java-8-oracle/jre/classes"/>
    <property name="sun.management.compiler" value="HotSpot 64-Bit Tiered Compilers"/>
    <property name="java.runtime.version" value="1.8.0_201-b09"/>
    <property name="user.name" value="bobbyrbruce"/>
    <property name="path.separator" value=":"/>
    <property name="os.version" value="4.15.0-43-generic"/>
    <property name="java.endorsed.dirs" value="/usr/lib/jvm/java-8-oracle/jre/lib/endorsed"/>
    <property name="java.runtime.name" value="Java(TM) SE Runtime Environment"/>
    <property name="file.encoding" value="UTF-8"/>
    <property name="java.vm.name" value="Java HotSpot(TM) 64-Bit Server VM"/>
    <property name="localRepository" value="/home/bobbyrbruce/.m2/repository"/>
    <property name="java.vendor.url.bug" value="http://bugreport.sun.com/bugreport/"/>
    <property name="java.io.tmpdir" value="/tmp"/>
    <property name="java.version" value="1.8.0_201"/>
    <property name="user.dir" value="/home/bobbyrbruce/Documents/software_projects/call-graph-analysis/reachability-analysis/src/test/resources/apache_commons-lang"/>
    <property name="os.arch" value="amd64"/>
    <property name="java.vm.specification.name" value="Java Virtual Machine Specification"/>
    <property name="java.awt.printerjob" value="sun.print.PSPrinterJob"/>
    <property name="sun.os.patch.level" value="unknown"/>
    <property name="java.library.path" value="/usr/java/packages/lib/amd64:/usr/lib64:/lib64:/lib:/usr/lib"/>
    <property name="java.vm.info" value="mixed mode"/>
    <property name="java.vendor" value="Oracle Corporation"/>
    <property name="java.vm.version" value="25.201-b09"/>
    <property name="java.ext.dirs" value="/usr/lib/jvm/java-8-oracle/jre/lib/ext:/usr/java/packages/lib/ext"/>
    <property name="sun.io.unicode.encoding" value="UnicodeLittle"/>
    <property name="java.class.version" value="52.0"/>
  </properties>
  <testcase name="testCSVSimple" classname="org.apache.commons.lang3.text.StrTokenizerTest" time="0"/>
  <testcase name="testBasicDelim1" classname="org.apache.commons.lang3.text.StrTokenizerTest" time="0"/>
  <testcase name="testBasicDelim2" classname="org.apache.commons.lang3.text.StrTokenizerTest" time="0"/>
  <testcase name="testBasicEmpty1" classname="org.apache.commons.lang3.text.StrTokenizerTest" time="0.001"/>
  <testcase name="testBasicEmpty2" classname="org.apache.commons.lang3.text.StrTokenizerTest" time="0"/>
  <testcase name="testConstructor_charArray_char" classname="org.apache.commons.lang3.text.StrTokenizerTest" time="0"/>
  <testcase name="testTSV" classname="org.apache.commons.lang3.text.StrTokenizerTest" time="0"/>
  <testcase name="testIteration" classname="org.apache.commons.lang3.text.StrTokenizerTest" time="0"/>
  <testcase name="testConstructor_String_char_char" classname="org.apache.commons.lang3.text.StrTokenizerTest" time="0"/>
  <testcase name="testReset" classname="org.apache.commons.lang3.text.StrTokenizerTest" time="0"/>
  <testcase name="testReset_charArray" classname="org.apache.commons.lang3.text.StrTokenizerTest" time="0"/>
  <testcase name="testToString" classname="org.apache.commons.lang3.text.StrTokenizerTest" time="0"/>
  <testcase name="testTokenizeSubclassOutputChange" classname="org.apache.commons.lang3.text.StrTokenizerTest" time="0"/>
  <testcase name="testListArray" classname="org.apache.commons.lang3.text.StrTokenizerTest" time="0"/>
  <testcase name="testBasicQuoted1" classname="org.apache.commons.lang3.text.StrTokenizerTest" time="0"/>
  <testcase name="testBasicQuoted2" classname="org.apache.commons.lang3.text.StrTokenizerTest" time="0"/>
  <testcase name="testBasicQuoted3" classname="org.apache.commons.lang3.text.StrTokenizerTest" time="0"/>
  <testcase name="testBasicQuoted4" classname="org.apache.commons.lang3.text.StrTokenizerTest" time="0"/>
  <testcase name="testBasicQuoted5" classname="org.apache.commons.lang3.text.StrTokenizerTest" time="0"/>
  <testcase name="testBasicQuoted6" classname="org.apache.commons.lang3.text.StrTokenizerTest" time="0"/>
  <testcase name="testBasicQuoted7" classname="org.apache.commons.lang3.text.StrTokenizerTest" time="0"/>
  <testcase name="testCloneNotSupportedException" classname="org.apache.commons.lang3.text.StrTokenizerTest" time="0.001"/>
  <testcase name="testReset_String" classname="org.apache.commons.lang3.text.StrTokenizerTest" time="0"/>
  <testcase name="testTSVEmpty" classname="org.apache.commons.lang3.text.StrTokenizerTest" time="0"/>
  <testcase name="testConstructor_String" classname="org.apache.commons.lang3.text.StrTokenizerTest" time="0"/>
  <testcase name="testCloneNull" classname="org.apache.commons.lang3.text.StrTokenizerTest" time="0"/>
  <testcase name="test1" classname="org.apache.commons.lang3.text.StrTokenizerTest" time="0"/>
  <testcase name="test2" classname="org.apache.commons.lang3.text.StrTokenizerTest" time="0.001"/>
  <testcase name="test3" classname="org.apache.commons.lang3.text.StrTokenizerTest" time="0"/>
  <testcase name="test4" classname="org.apache.commons.lang3.text.StrTokenizerTest" time="0"/>
  <testcase name="test5" classname="org.apache.commons.lang3.text.StrTokenizerTest" time="0"/>
  <testcase name="test6" classname="org.apache.commons.lang3.text.StrTokenizerTest" time="0"/>
  <testcase name="test7" classname="org.apache.commons.lang3.text.StrTokenizerTest" time="0"/>
  <testcase name="test8" classname="org.apache.commons.lang3.text.StrTokenizerTest" time="0.001"/>
  <testcase name="testConstructor_String_char" classname="org.apache.commons.lang3.text.StrTokenizerTest" time="0"/>
  <testcase name="testTokenizeSubclassInputChange" classname="org.apache.commons.lang3.text.StrTokenizerTest" time="0"/>
  <testcase name="testCSVEmpty" classname="org.apache.commons.lang3.text.StrTokenizerTest" time="0"/>
  <testcase name="testConstructor_charArray" classname="org.apache.commons.lang3.text.StrTokenizerTest" time="0"/>
  <testcase name="testConstructor_charArray_char_char" classname="org.apache.commons.lang3.text.StrTokenizerTest" time="0"/>
  <testcase name="testCSVSimpleNeedsTrim" classname="org.apache.commons.lang3.text.StrTokenizerTest" time="0.001"/>
  <testcase name="testBasicIgnoreTrimmed1" classname="org.apache.commons.lang3.text.StrTokenizerTest" time="0"/>
  <testcase name="testBasicIgnoreTrimmed2" classname="org.apache.commons.lang3.text.StrTokenizerTest" time="0"/>
  <testcase name="testBasicIgnoreTrimmed3" classname="org.apache.commons.lang3.text.StrTokenizerTest" time="0"/>
  <testcase name="testBasicIgnoreTrimmed4" classname="org.apache.commons.lang3.text.StrTokenizerTest" time="0"/>
  <testcase name="testBasicQuotedTrimmed1" classname="org.apache.commons.lang3.text.StrTokenizerTest" time="0"/>
  <testcase name="testBasic1" classname="org.apache.commons.lang3.text.StrTokenizerTest" time="0"/>
  <testcase name="testBasic2" classname="org.apache.commons.lang3.text.StrTokenizerTest" time="0"/>
  <testcase name="testBasic3" classname="org.apache.commons.lang3.text.StrTokenizerTest" time="0"/>
  <testcase name="testBasic4" classname="org.apache.commons.lang3.text.StrTokenizerTest" time="0"/>
  <testcase name="testBasic5" classname="org.apache.commons.lang3.text.StrTokenizerTest" time="0"/>
  <testcase name="testGetContent" classname="org.apache.commons.lang3.text.StrTokenizerTest" time="0"/>
  <testcase name="testCloneReset" classname="org.apache.commons.lang3.text.StrTokenizerTest" time="0"/>
  <testcase name="testBasicTrimmed1" classname="org.apache.commons.lang3.text.StrTokenizerTest" time="0"/>
  <testcase name="testBasicTrimmed2" classname="org.apache.commons.lang3.text.StrTokenizerTest" time="0.001"/>
  <testcase name="testChaining" classname="org.apache.commons.lang3.text.StrTokenizerTest" time="0"/>
</testsuite>