<?xml version="1.0" encoding="UTF-8"?>
<testsuite xmlns:xsi="http://www.w3.org/2001/XMLSchema-instance" xsi:noNamespaceSchemaLocation="https://maven.apache.org/surefire/maven-surefire-plugin/xsd/surefire-test-report.xsd" name="org.apache.commons.lang3.text.StrBuilderTest" time="0.222" tests="91" errors="0" skipped="0" failures="0">
  <properties>
    <property name="sun.desktop" value="gnome"/>
    <property name="awt.toolkit" value="sun.awt.X11.XToolkit"/>
    <property name="file.encoding.pkg" value="sun.io"/>
    <property name="java.specification.version" value="1.8"/>
    <property name="sun.cpu.isalist" value=""/>
    <property name="sun.jnu.encoding" value="UTF-8"/>
    <property name="java.class.path" value="/home/bobbyrbruce/Documents/software_projects/call-graph-analysis/reachability-analysis/src/test/resources/apache_commons-lang/target/test-classes:/home/bobbyrbruce/Documents/software_projects/call-graph-analysis/reachability-analysis/src/test/resources/apache_commons-lang/target/classes:/home/bobbyrbruce/.m2/repository/junit/junit/4.12/junit-4.12.jar:/home/bobbyrbruce/.m2/repository/org/hamcrest/hamcrest-core/1.3/hamcrest-core-1.3.jar:/home/bobbyrbruce/.m2/repository/org/hamcrest/hamcrest-all/1.3/hamcrest-all-1.3.jar:/home/bobbyrbruce/.m2/repository/org/easymock/easymock/3.5.1/easymock-3.5.1.jar:/home/bobbyrbruce/.m2/repository/org/objenesis/objenesis/2.6/objenesis-2.6.jar:/home/bobbyrbruce/.m2/repository/org/openjdk/jmh/jmh-core/1.19/jmh-core-1.19.jar:/home/bobbyrbruce/.m2/repository/net/sf/jopt-simple/jopt-simple/4.6/jopt-simple-4.6.jar:/home/bobbyrbruce/.m2/repository/org/apache/commons/commons-math3/3.2/commons-math3-3.2.jar:/home/bobbyrbruce/.m2/repository/org/openjdk/jmh/jmh-generator-annprocess/1.19/jmh-generator-annprocess-1.19.jar:"/>
    <property name="java.vm.vendor" value="Oracle Corporation"/>
    <property name="sun.arch.data.model" value="64"/>
    <property name="java.vendor.url" value="http://java.oracle.com/"/>
    <property name="user.timezone" value=""/>
    <property name="java.vm.specification.version" value="1.8"/>
    <property name="os.name" value="Linux"/>
    <property name="user.country" value="US"/>
    <property name="sun.java.launcher" value="SUN_STANDARD"/>
    <property name="sun.boot.library.path" value="/usr/lib/jvm/java-8-oracle/jre/lib/amd64"/>
    <property name="sun.java.command" value="/home/bobbyrbruce/Documents/software_projects/call-graph-analysis/reachability-analysis/src/test/resources/apache_commons-lang/target/surefire/surefirebooter1001900143304547448.jar /home/bobbyrbruce/Documents/software_projects/call-graph-analysis/reachability-analysis/src/test/resources/apache_commons-lang/target/surefire 2019-02-08T12-30-49_581-jvmRun1 surefire7156073608631435803tmp surefire_03651646431880181722tmp"/>
    <property name="surefire.test.class.path" value="/home/bobbyrbruce/Documents/software_projects/call-graph-analysis/reachability-analysis/src/test/resources/apache_commons-lang/target/test-classes:/home/bobbyrbruce/Documents/software_projects/call-graph-analysis/reachability-analysis/src/test/resources/apache_commons-lang/target/classes:/home/bobbyrbruce/.m2/repository/junit/junit/4.12/junit-4.12.jar:/home/bobbyrbruce/.m2/repository/org/hamcrest/hamcrest-core/1.3/hamcrest-core-1.3.jar:/home/bobbyrbruce/.m2/repository/org/hamcrest/hamcrest-all/1.3/hamcrest-all-1.3.jar:/home/bobbyrbruce/.m2/repository/org/easymock/easymock/3.5.1/easymock-3.5.1.jar:/home/bobbyrbruce/.m2/repository/org/objenesis/objenesis/2.6/objenesis-2.6.jar:/home/bobbyrbruce/.m2/repository/org/openjdk/jmh/jmh-core/1.19/jmh-core-1.19.jar:/home/bobbyrbruce/.m2/repository/net/sf/jopt-simple/jopt-simple/4.6/jopt-simple-4.6.jar:/home/bobbyrbruce/.m2/repository/org/apache/commons/commons-math3/3.2/commons-math3-3.2.jar:/home/bobbyrbruce/.m2/repository/org/openjdk/jmh/jmh-generator-annprocess/1.19/jmh-generator-annprocess-1.19.jar:"/>
    <property name="sun.cpu.endian" value="little"/>
    <property name="user.home" value="/home/bobbyrbruce"/>
    <property name="user.language" value="en"/>
    <property name="java.specification.vendor" value="Oracle Corporation"/>
    <property name="java.home" value="/usr/lib/jvm/java-8-oracle/jre"/>
    <property name="basedir" value="/home/bobbyrbruce/Documents/software_projects/call-graph-analysis/reachability-analysis/src/test/resources/apache_commons-lang"/>
    <property name="file.separator" value="/"/>
    <property name="line.separator" value="&#10;"/>
    <property name="java.vm.specification.vendor" value="Oracle Corporation"/>
    <property name="java.specification.name" value="Java Platform API Specification"/>
    <property name="java.awt.graphicsenv" value="sun.awt.X11GraphicsEnvironment"/>
    <property name="surefire.real.class.path" value="/home/bobbyrbruce/Documents/software_projects/call-graph-analysis/reachability-analysis/src/test/resources/apache_commons-lang/target/surefire/surefirebooter1001900143304547448.jar:/home/bobbyrbruce/Documents/software_projects/call-graph-analysis/reachability-analysis/src/test/resources/tamiflex/poa-2.0.3.jar"/>
    <property name="sun.boot.class.path" value="/usr/lib/jvm/java-8-oracle/jre/lib/resources.jar:/usr/lib/jvm/java-8-oracle/jre/lib/rt.jar:/usr/lib/jvm/java-8-oracle/jre/lib/sunrsasign.jar:/usr/lib/jvm/java-8-oracle/jre/lib/jsse.jar:/usr/lib/jvm/java-8-oracle/jre/lib/jce.jar:/usr/lib/jvm/java-8-oracle/jre/lib/charsets.jar:/usr/lib/jvm/java-8-oracle/jre/lib/jfr.jar:/usr/lib/jvm/java-8-oracle/jre/classes"/>
    <property name="sun.management.compiler" value="HotSpot 64-Bit Tiered Compilers"/>
    <property name="java.runtime.version" value="1.8.0_201-b09"/>
    <property name="user.name" value="bobbyrbruce"/>
    <property name="path.separator" value=":"/>
    <property name="os.version" value="4.15.0-43-generic"/>
    <property name="java.endorsed.dirs" value="/usr/lib/jvm/java-8-oracle/jre/lib/endorsed"/>
    <property name="java.runtime.name" value="Java(TM) SE Runtime Environment"/>
    <property name="file.encoding" value="UTF-8"/>
    <property name="java.vm.name" value="Java HotSpot(TM) 64-Bit Server VM"/>
    <property name="localRepository" value="/home/bobbyrbruce/.m2/repository"/>
    <property name="java.vendor.url.bug" value="http://bugreport.sun.com/bugreport/"/>
    <property name="java.io.tmpdir" value="/tmp"/>
    <property name="java.version" value="1.8.0_201"/>
    <property name="user.dir" value="/home/bobbyrbruce/Documents/software_projects/call-graph-analysis/reachability-analysis/src/test/resources/apache_commons-lang"/>
    <property name="os.arch" value="amd64"/>
    <property name="java.vm.specification.name" value="Java Virtual Machine Specification"/>
    <property name="java.awt.printerjob" value="sun.print.PSPrinterJob"/>
    <property name="sun.os.patch.level" value="unknown"/>
    <property name="java.library.path" value="/usr/java/packages/lib/amd64:/usr/lib64:/lib64:/lib:/usr/lib"/>
    <property name="java.vm.info" value="mixed mode"/>
    <property name="java.vendor" value="Oracle Corporation"/>
    <property name="java.vm.version" value="25.201-b09"/>
    <property name="java.ext.dirs" value="/usr/lib/jvm/java-8-oracle/jre/lib/ext:/usr/java/packages/lib/ext"/>
    <property name="sun.io.unicode.encoding" value="UnicodeLittle"/>
    <property name="java.class.version" value="52.0"/>
  </properties>
  <testcase name="testAsTokenizer" classname="org.apache.commons.lang3.text.StrBuilderTest" time="0"/>
  <testcase name="testDeleteFirst_StrMatcher" classname="org.apache.commons.lang3.text.StrBuilderTest" time="0"/>
  <testcase name="testReplaceFirst_StrMatcher_String" classname="org.apache.commons.lang3.text.StrBuilderTest" time="0"/>
  <testcase name="testDeleteAll_String" classname="org.apache.commons.lang3.text.StrBuilderTest" time="0"/>
  <testcase name="testEndsWith" classname="org.apache.commons.lang3.text.StrBuilderTest" time="0"/>
  <testcase name="testGetSetNullText" classname="org.apache.commons.lang3.text.StrBuilderTest" time="0"/>
  <testcase name="testReadFromReaderAppendsToEnd" classname="org.apache.commons.lang3.text.StrBuilderTest" time="0"/>
  <testcase name="testIndexOfLang294" classname="org.apache.commons.lang3.text.StrBuilderTest" time="0"/>
  <testcase name="testSubSequenceIntInt" classname="org.apache.commons.lang3.text.StrBuilderTest" time="0"/>
  <testcase name="testGetChars" classname="org.apache.commons.lang3.text.StrBuilderTest" time="0"/>
  <testcase name="testLastIndexOf_String" classname="org.apache.commons.lang3.text.StrBuilderTest" time="0"/>
  <testcase name="testDeleteAll_char" classname="org.apache.commons.lang3.text.StrBuilderTest" time="0"/>
  <testcase name="testReplace_StrMatcher_String_int_int_int_VaryEndIndex" classname="org.apache.commons.lang3.text.StrBuilderTest" time="0"/>
  <testcase name="testLastIndexOf_char_int" classname="org.apache.commons.lang3.text.StrBuilderTest" time="0"/>
  <testcase name="testReadFromReadable" classname="org.apache.commons.lang3.text.StrBuilderTest" time="0.001"/>
  <testcase name="testAppendToStringBuffer" classname="org.apache.commons.lang3.text.StrBuilderTest" time="0"/>
  <testcase name="testClear" classname="org.apache.commons.lang3.text.StrBuilderTest" time="0"/>
  <testcase name="testSize" classname="org.apache.commons.lang3.text.StrBuilderTest" time="0"/>
  <testcase name="testTrim" classname="org.apache.commons.lang3.text.StrBuilderTest" time="0"/>
  <testcase name="testRightString" classname="org.apache.commons.lang3.text.StrBuilderTest" time="0.001"/>
  <testcase name="testToString" classname="org.apache.commons.lang3.text.StrBuilderTest" time="0"/>
  <testcase name="testConstructors" classname="org.apache.commons.lang3.text.StrBuilderTest" time="0"/>
  <testcase name="testReadFromCharBuffer" classname="org.apache.commons.lang3.text.StrBuilderTest" time="0"/>
  <testcase name="testMinimizeCapacity" classname="org.apache.commons.lang3.text.StrBuilderTest" time="0"/>
  <testcase name="testSubstringIntInt" classname="org.apache.commons.lang3.text.StrBuilderTest" time="0"/>
  <testcase name="testLang412Left" classname="org.apache.commons.lang3.text.StrBuilderTest" time="0"/>
  <testcase name="testContains_String" classname="org.apache.commons.lang3.text.StrBuilderTest" time="0"/>
  <testcase name="testEqualsIgnoreCase" classname="org.apache.commons.lang3.text.StrBuilderTest" time="0"/>
  <testcase name="testCapacityAndLength" classname="org.apache.commons.lang3.text.StrBuilderTest" time="0"/>
  <testcase name="testReadFromReadableAppendsToEnd" classname="org.apache.commons.lang3.text.StrBuilderTest" time="0"/>
  <testcase name="testAsReader" classname="org.apache.commons.lang3.text.StrBuilderTest" time="0"/>
  <testcase name="testToStringBuilder" classname="org.apache.commons.lang3.text.StrBuilderTest" time="0"/>
  <testcase name="testReplaceAll_String_String" classname="org.apache.commons.lang3.text.StrBuilderTest" time="0"/>
  <testcase name="testAsWriter" classname="org.apache.commons.lang3.text.StrBuilderTest" time="0"/>
  <testcase name="testLang294" classname="org.apache.commons.lang3.text.StrBuilderTest" time="0"/>
  <testcase name="testLang295" classname="org.apache.commons.lang3.text.StrBuilderTest" time="0"/>
  <testcase name="testReplaceAll_char_char" classname="org.apache.commons.lang3.text.StrBuilderTest" time="0"/>
  <testcase name="testLastIndexOf_String_int" classname="org.apache.commons.lang3.text.StrBuilderTest" time="0"/>
  <testcase name="testDeleteCharAt" classname="org.apache.commons.lang3.text.StrBuilderTest" time="0"/>
  <testcase name="testReplaceFirst_String_String" classname="org.apache.commons.lang3.text.StrBuilderTest" time="0"/>
  <testcase name="testContains_char" classname="org.apache.commons.lang3.text.StrBuilderTest" time="0"/>
  <testcase name="testDeleteIntInt" classname="org.apache.commons.lang3.text.StrBuilderTest" time="0"/>
  <testcase name="testReplace_StrMatcher_String_int_int_int_VaryCount" classname="org.apache.commons.lang3.text.StrBuilderTest" time="0"/>
  <testcase name="testReplaceFirst_char_char" classname="org.apache.commons.lang3.text.StrBuilderTest" time="0"/>
  <testcase name="testIndexOf_char" classname="org.apache.commons.lang3.text.StrBuilderTest" time="0"/>
  <testcase name="testReplace_int_int_String" classname="org.apache.commons.lang3.text.StrBuilderTest" time="0"/>
  <testcase name="testToCharArray" classname="org.apache.commons.lang3.text.StrBuilderTest" time="0"/>
  <testcase name="testLastIndexOf_StrMatcher" classname="org.apache.commons.lang3.text.StrBuilderTest" time="0"/>
  <testcase name="testIndexOf_StrMatcher_int" classname="org.apache.commons.lang3.text.StrBuilderTest" time="0"/>
  <testcase name="testEnsureCapacity" classname="org.apache.commons.lang3.text.StrBuilderTest" time="0"/>
  <testcase name="testLang412Right" classname="org.apache.commons.lang3.text.StrBuilderTest" time="0"/>
  <testcase name="testDeleteFirst_String" classname="org.apache.commons.lang3.text.StrBuilderTest" time="0"/>
  <testcase name="testAppendToStringBuilder" classname="org.apache.commons.lang3.text.StrBuilderTest" time="0"/>
  <testcase name="testMidString" classname="org.apache.commons.lang3.text.StrBuilderTest" time="0"/>
  <testcase name="testReplaceAll_StrMatcher_String" classname="org.apache.commons.lang3.text.StrBuilderTest" time="0"/>
  <testcase name="testCapacity" classname="org.apache.commons.lang3.text.StrBuilderTest" time="0"/>
  <testcase name="testReadFromCharBufferAppendsToEnd" classname="org.apache.commons.lang3.text.StrBuilderTest" time="0"/>
  <testcase name="testReverse" classname="org.apache.commons.lang3.text.StrBuilderTest" time="0"/>
  <testcase name="testSetCharAt" classname="org.apache.commons.lang3.text.StrBuilderTest" time="0"/>
  <testcase name="testReplace_StrMatcher_String_int_int_int_VaryStartIndex" classname="org.apache.commons.lang3.text.StrBuilderTest" time="0"/>
  <testcase name="testHashCode" classname="org.apache.commons.lang3.text.StrBuilderTest" time="0"/>
  <testcase name="testSubstringInt" classname="org.apache.commons.lang3.text.StrBuilderTest" time="0"/>
  <testcase name="test_LANG_1131_EqualsWithNullStrBuilder" classname="org.apache.commons.lang3.text.StrBuilderTest" time="0"/>
  <testcase name="testSetLength" classname="org.apache.commons.lang3.text.StrBuilderTest" time="0"/>
  <testcase name="testAppendToWriter" classname="org.apache.commons.lang3.text.StrBuilderTest" time="0"/>
  <testcase name="testCharAt" classname="org.apache.commons.lang3.text.StrBuilderTest" time="0"/>
  <testcase name="testReplace_StrMatcher_String_int_int_int_VaryMatcher" classname="org.apache.commons.lang3.text.StrBuilderTest" time="0"/>
  <testcase name="testEquals" classname="org.apache.commons.lang3.text.StrBuilderTest" time="0"/>
  <testcase name="testLastIndexOf_char" classname="org.apache.commons.lang3.text.StrBuilderTest" time="0"/>
  <testcase name="testLeftString" classname="org.apache.commons.lang3.text.StrBuilderTest" time="0"/>
  <testcase name="testIndexOf_String_int" classname="org.apache.commons.lang3.text.StrBuilderTest" time="0"/>
  <testcase name="testContains_StrMatcher" classname="org.apache.commons.lang3.text.StrBuilderTest" time="0"/>
  <testcase name="testLength" classname="org.apache.commons.lang3.text.StrBuilderTest" time="0"/>
  <testcase name="testReplace_StrMatcher_String_int_int_int_VaryReplace" classname="org.apache.commons.lang3.text.StrBuilderTest" time="0"/>
  <testcase name="testDeleteFirst_char" classname="org.apache.commons.lang3.text.StrBuilderTest" time="0"/>
  <testcase name="testAppendToCharBuffer" classname="org.apache.commons.lang3.text.StrBuilderTest" time="0"/>
  <testcase name="testDeleteAll_StrMatcher" classname="org.apache.commons.lang3.text.StrBuilderTest" time="0"/>
  <testcase name="testIsEmpty" classname="org.apache.commons.lang3.text.StrBuilderTest" time="0"/>
  <testcase name="testToCharArrayIntInt" classname="org.apache.commons.lang3.text.StrBuilderTest" time="0"/>
  <testcase name="testGetSetNewLineText" classname="org.apache.commons.lang3.text.StrBuilderTest" time="0"/>
  <testcase name="testToStringBuffer" classname="org.apache.commons.lang3.text.StrBuilderTest" time="0.001"/>
  <testcase name="testReadFromReader" classname="org.apache.commons.lang3.text.StrBuilderTest" time="0"/>
  <testcase name="testAsBuilder" classname="org.apache.commons.lang3.text.StrBuilderTest" time="0"/>
  <testcase name="testIndexOf_String" classname="org.apache.commons.lang3.text.StrBuilderTest" time="0"/>
  <testcase name="testIndexOf_char_int" classname="org.apache.commons.lang3.text.StrBuilderTest" time="0"/>
  <testcase name="testGetCharsIntIntCharArrayInt" classname="org.apache.commons.lang3.text.StrBuilderTest" time="0"/>
  <testcase name="testStartsWith" classname="org.apache.commons.lang3.text.StrBuilderTest" time="0"/>
  <testcase name="testIndexOf_StrMatcher" classname="org.apache.commons.lang3.text.StrBuilderTest" time="0"/>
  <testcase name="testAppendCharBuffer" classname="org.apache.commons.lang3.text.StrBuilderTest" time="0"/>
  <testcase name="testLastIndexOf_StrMatcher_int" classname="org.apache.commons.lang3.text.StrBuilderTest" time="0"/>
  <testcase name="testChaining" classname="org.apache.commons.lang3.text.StrBuilderTest" time="0"/>
</testsuite>